\o Program:		@(#)$CDS: libManager version 6.1.7 - CAT35 10/30/2018 21:08 (sjfnl050) $
\o Sub version:		sub-version  s231 
\o Arguments:		-unmapped -mpssession virtuoso16063 -mpshost eda-1.EECS.Berkeley.EDU 
\o Working Directory:	eda-1.EECS.Berkeley.EDU:/home/cc/cs199/fa13/class/cs199-and/ee240c/cadence
\o 64-bit offsets
\o Qt version: 		4.8.5
\o changeWorkingDir("/home/cc/cs199/fa13/class/cs199-and/ee240c/cadence") unnecessary.
\o ddSetForcedLib("") unnecessary.
\o Log file is "/home/cc/cs199/fa13/class/cs199-and/ee240c/cadence/libManager.log".
\o Opening libManager window.
\a nrSetWindowVisibility(cdsLibManager "show")
\o MPS service: map window
\o Library Manager customization server connected.
\a nrSetCurrentWindow(cdsLibManager)
\a nrResizeWindow(cdsLibManager list(0 55 903 625))
\a cdsLibManager->libListBox->value = "gpdk045"
\a cdsLibManager->libLineEdit->value = "gpdk045"
\a cdsLibManager->libListBox->value = "cdsDefTechLib"
\a cdsLibManager->libLineEdit->value = "cdsDefTechLib"
\a cdsLibManager->libListBox->value = "basic"
\a cdsLibManager->libLineEdit->value = "basic"
\a cdsLibManager->libListBox->value = "analogLib"
\a cdsLibManager->libLineEdit->value = "analogLib"
\a cdsLibManager->cellListBox->value = "vcvs"
\a cdsLibManager->cellLineEdit->value = "vcvs"
\a _lmgrCloseIconify("cdsLibManager" 1)
\a cdsLibManager->libListBox->value = nil
\a cdsLibManager->libLineEdit->value = ""
\a cdsLibManager->cellListBox->value = nil
\a cdsLibManager->cellLineEdit->value = ""
\a cdsLibManager->libListBox->value = "analogLib"
\a cdsLibManager->libLineEdit->value = "analogLib"
\a cdsLibManager->cellListBox->value = "vcvs"
\a cdsLibManager->cellLineEdit->value = "vcvs"
\o MPS service: map window
\a nrSetCurrentWindow(cdsLibManager)
\a nrSetCurrentWindow(cdsLibManager)
\a cdsLibManager->showCatsToggle->value = t
\a cdsLibManager->QToolButton7->value = t
\a cdsLibManager->showCategoriesAction->value = t
\a cdsLibManager->libCatsTreeView->value = "Everything"
\a cdsLibManager->catLineEdit->value = "Everything"
\a cdsLibManager->cellListBox->value = nil
\a cdsLibManager->cellLineEdit->value = ""
\a cdsLibManager->cellListBox->value = "vcvs"
\a cdsLibManager->cellLineEdit->value = "vcvs"
\a cdsLibManager->cellListBox->value = nil
\a cdsLibManager->cellLineEdit->value = ""
\a cdsLibManager->cellListBox->value = "vcvs"
\a cdsLibManager->cellLineEdit->value = "vcvs"
\a cdsLibManager->FileNewLibButton->value = t
\a nrSetWindowVisibility(NewLibShell "show")
\a NewLibShell->QLineEdit2->value = "/home/cc/cs199/fa13/class/cs199-and/ee240c/cadence/"
\a nrSetCurrentWindow(NewLibShell)
\a nrSetCurrentWindow(NewLibShell->subDialog)
\a nrResizeWindow(NewLibShell list(198 108 507 559))
\a NewLibShell->newLibNameText->value = "ee240c"
\a NewLibShell->newLibOKButton->value = t
\a NewLibShell->subDialog->value = '("/home/cc/cs199/fa13/class/cs199-and/ee240c/cadence" "/home/cc/cs199/fa13/class/cs199-and/ee240c/cadence/")
\a nrSetWindowVisibility(workingDialogForm "show")
\a nrSetCurrentWindow(workingDialogForm)
\o Created new library "ee240c" at /home/cc/cs199/fa13/class/cs199-and/ee240c/cadence/ee240c.
\a nrSetCurrentWindow(cdsLibManager)
\a cdsLibManager->libListBox->value = nil
\a cdsLibManager->libLineEdit->value = ""
\a cdsLibManager->cellListBox->value = nil
\a cdsLibManager->cellLineEdit->value = ""
\a cdsLibManager->libCatsTreeView->value = nil
\a cdsLibManager->catLineEdit->value = ""
\a cdsLibManager->libListBox->value = "analogLib"
\a cdsLibManager->libLineEdit->value = "analogLib"
\a cdsLibManager->libCatsTreeView->value = "Everything"
\a cdsLibManager->catLineEdit->value = "Everything"
\a cdsLibManager->libCatsTreeView->value = nil
\a cdsLibManager->catLineEdit->value = ""
\a cdsLibManager->libCatsTreeView->value = "Everything"
\a cdsLibManager->catLineEdit->value = "Everything"
\a cdsLibManager->cellListBox->value = "vcvs"
\a cdsLibManager->cellLineEdit->value = "vcvs"
\a nrResizeWindow(workingDialogForm list(6 31 283 133))
\a cdsLibManager->libListBox->value = nil
\a cdsLibManager->libLineEdit->value = ""
\a cdsLibManager->cellListBox->value = nil
\a cdsLibManager->cellLineEdit->value = ""
\a cdsLibManager->libCatsTreeView->value = nil
\a cdsLibManager->catLineEdit->value = ""
\a cdsLibManager->libListBox->value = "analogLib"
\a cdsLibManager->libLineEdit->value = "analogLib"
\a cdsLibManager->libCatsTreeView->value = "Everything"
\a cdsLibManager->catLineEdit->value = "Everything"
\a cdsLibManager->libCatsTreeView->value = nil
\a cdsLibManager->catLineEdit->value = ""
\a cdsLibManager->libCatsTreeView->value = "Everything"
\a cdsLibManager->catLineEdit->value = "Everything"
\a cdsLibManager->cellListBox->value = "vcvs"
\a cdsLibManager->cellLineEdit->value = "vcvs"
\a nrSetCurrentWindow(cdsLibManager)
\a cdsLibManager->libListBox->value = "sheets"
\a cdsLibManager->libLineEdit->value = "sheets"
\a cdsLibManager->cellLineEdit->value = ""
\a cdsLibManager->cellListBox->value = nil
\a cdsLibManager->libCatsTreeView->value = nil
\a cdsLibManager->catLineEdit->value = ""
\a cdsLibManager->cellListBox->value = "Title"
\a cdsLibManager->cellLineEdit->value = "Title"
\a cdsLibManager->viewListBox->value = "symbol"
\a cdsLibManager->viewLineEdit->value = "symbol"
\a cdsLibManager->viewListBox->value = "symbol_xform"
\a cdsLibManager->viewLineEdit->value = "symbol_xform"
\a cdsLibManager->libListBox->value = "gpdk045"
\a cdsLibManager->libLineEdit->value = "gpdk045"
\a cdsLibManager->cellLineEdit->value = ""
\a cdsLibManager->cellListBox->value = nil
\a cdsLibManager->viewLineEdit->value = ""
\a cdsLibManager->viewListBox->value = nil
\a cdsLibManager->libCatsTreeView->value = "Everything"
\a cdsLibManager->catLineEdit->value = "Everything"
\a cdsLibManager->libListBox->value = "ee240c"
\a cdsLibManager->libLineEdit->value = "ee240c"
\a cdsLibManager->libCatsTreeView->value = nil
\a cdsLibManager->catLineEdit->value = ""
\a cdsLibManager->FileNewCategory->value = t
\a editCategory->categoryNameEdit->value = "newCat"
\a nrSetWindowVisibility(editCategory "show")
\a nrSetCurrentWindow(editCategory)
\a nrResizeWindow(editCategory list(219 124 465 511))
\a editCategory->categoryNameEdit->value = "hw03"
\a editCategory->OK->value = t
\o Created new category "hw03" in library "ee240c".
\a cdsLibManager->libListBox->value = nil
\a cdsLibManager->libLineEdit->value = ""
\a cdsLibManager->libListBox->value = "ee240c"
\a cdsLibManager->libLineEdit->value = "ee240c"
\a cdsLibManager->libCatsTreeView->value = "Everything"
\a cdsLibManager->catLineEdit->value = "Everything"
\a cdsLibManager->libCatsTreeView->value = nil
\a cdsLibManager->catLineEdit->value = ""
\a cdsLibManager->libCatsTreeView->value = "Everything"
\a cdsLibManager->catLineEdit->value = "Everything"
\a nrSetCurrentWindow(cdsLibManager)
\a cdsLibManager->libCatsTreeView->value = "hw03"
\a cdsLibManager->catLineEdit->value = "hw03"
\a nrSetCurrentWindow(cdsLibManager)
\a nrSetCurrentWindow(cdsLibManager)
\a nrSetCurrentWindow(cdsLibManager)
\a nrSetCurrentWindow(cdsLibManager)
\a nrSetCurrentWindow(cdsLibManager)
\a cdsLibManager->catLineEdit->value = ""
\a cdsLibManager->libCatsTreeView->value = nil
\a cdsLibManager->libCatsTreeView->value = "hw03"
\a cdsLibManager->catLineEdit->value = "hw03"
\a cdsLibManager->FileNewCVButton->value = t
\a cdsLibManager->libListBox->value = nil
\a cdsLibManager->libLineEdit->value = ""
\a cdsLibManager->libCatsTreeView->value = nil
\a cdsLibManager->catLineEdit->value = ""
\a cdsLibManager->libListBox->value = "ee240c"
\a cdsLibManager->libLineEdit->value = "ee240c"
\a cdsLibManager->libCatsTreeView->value = "Everything"
\a cdsLibManager->catLineEdit->value = "Everything"
\a cdsLibManager->cellListBox->value = "q1b"
\a cdsLibManager->cellLineEdit->value = "q1b"
\a cdsLibManager->viewListBox->value = "schematic"
\a cdsLibManager->viewLineEdit->value = "schematic"
\a cdsLibManager->cellLineEdit->value = ""
\a cdsLibManager->cellListBox->value = nil
\a cdsLibManager->viewLineEdit->value = ""
\a cdsLibManager->viewListBox->value = nil
\a cdsLibManager->libCatsTreeView->value = nil
\a cdsLibManager->catLineEdit->value = ""
\a cdsLibManager->libCatsTreeView->value = "Everything"
\a cdsLibManager->catLineEdit->value = "Everything"
\a cdsLibManager->cellListBox->value = "q1b"
\a cdsLibManager->cellLineEdit->value = "q1b"
\a cdsLibManager->viewListBox->value = "schematic"
\a cdsLibManager->viewLineEdit->value = "schematic"
\a cdsLibManager->viewLineEdit->value = ""
\a cdsLibManager->viewListBox->value = nil
\a cdsLibManager->viewLineEdit->value = "schematic"
\a cdsLibManager->viewListBox->value = "schematic"
\a cdsLibManager->viewLineEdit->value = ""
\a cdsLibManager->viewListBox->value = nil
\a cdsLibManager->viewListBox->value = "schematic"
\a cdsLibManager->viewLineEdit->value = "schematic"
\a cdsLibManager->libCatsTreeView->value = "hw03"
\a cdsLibManager->catLineEdit->value = "hw03"
\a cdsLibManager->cellListBox->value = nil
\a cdsLibManager->cellLineEdit->value = ""
\a cdsLibManager->viewListBox->value = nil
\a cdsLibManager->viewLineEdit->value = ""
\a cdsLibManager->libListBox->value = nil
\a cdsLibManager->libLineEdit->value = ""
\a cdsLibManager->libCatsTreeView->value = nil
\a cdsLibManager->catLineEdit->value = ""
\a cdsLibManager->libListBox->value = "ee240c"
\a cdsLibManager->libLineEdit->value = "ee240c"
\a cdsLibManager->libCatsTreeView->value = "Everything"
\a cdsLibManager->catLineEdit->value = "Everything"
\a cdsLibManager->cellListBox->value = "q1b"
\a cdsLibManager->cellLineEdit->value = "q1b"
\a cdsLibManager->viewListBox->value = "schematic"
\a cdsLibManager->viewLineEdit->value = "schematic"
\a cdsLibManager->cellLineEdit->value = ""
\a cdsLibManager->cellListBox->value = nil
\a cdsLibManager->viewLineEdit->value = ""
\a cdsLibManager->viewListBox->value = nil
\a cdsLibManager->libCatsTreeView->value = nil
\a cdsLibManager->catLineEdit->value = ""
\a cdsLibManager->libCatsTreeView->value = "Everything"
\a cdsLibManager->catLineEdit->value = "Everything"
\a cdsLibManager->cellListBox->value = "q1b"
\a cdsLibManager->cellLineEdit->value = "q1b"
\a cdsLibManager->viewListBox->value = "schematic"
\a cdsLibManager->viewLineEdit->value = "schematic"
\a cdsLibManager->viewLineEdit->value = ""
\a cdsLibManager->viewListBox->value = nil
\a cdsLibManager->viewListBox->value = "schematic"
\a cdsLibManager->viewLineEdit->value = "schematic"
\a cdsLibManager->libCatsTreeView->value = "hw03"
\a cdsLibManager->catLineEdit->value = "hw03"
\a cdsLibManager->cellListBox->value = nil
\a cdsLibManager->cellLineEdit->value = ""
\a cdsLibManager->viewListBox->value = nil
\a cdsLibManager->viewLineEdit->value = ""
\a cdsLibManager->libListBox->value = nil
\a cdsLibManager->libLineEdit->value = ""
\a cdsLibManager->libCatsTreeView->value = nil
\a cdsLibManager->catLineEdit->value = ""
\a cdsLibManager->libListBox->value = "ee240c"
\a cdsLibManager->libLineEdit->value = "ee240c"
\a cdsLibManager->libCatsTreeView->value = "Everything"
\a cdsLibManager->catLineEdit->value = "Everything"
\a cdsLibManager->cellListBox->value = "q1b"
\a cdsLibManager->cellLineEdit->value = "q1b"
\a cdsLibManager->viewListBox->value = "schematic"
\a cdsLibManager->viewLineEdit->value = "schematic"
\a cdsLibManager->cellLineEdit->value = ""
\a cdsLibManager->cellListBox->value = nil
\a cdsLibManager->viewLineEdit->value = ""
\a cdsLibManager->viewListBox->value = nil
\a cdsLibManager->libCatsTreeView->value = nil
\a cdsLibManager->catLineEdit->value = ""
\a cdsLibManager->libCatsTreeView->value = "Everything"
\a cdsLibManager->catLineEdit->value = "Everything"
\a cdsLibManager->cellListBox->value = "q1b"
\a cdsLibManager->cellLineEdit->value = "q1b"
\a cdsLibManager->viewListBox->value = "schematic"
\a cdsLibManager->viewLineEdit->value = "schematic"
\a cdsLibManager->viewLineEdit->value = ""
\a cdsLibManager->viewListBox->value = nil
\a cdsLibManager->viewListBox->value = "schematic"
\a cdsLibManager->viewLineEdit->value = "schematic"
\a cdsLibManager->libCatsTreeView->value = "hw03"
\a cdsLibManager->catLineEdit->value = "hw03"
\a cdsLibManager->cellListBox->value = nil
\a cdsLibManager->cellLineEdit->value = ""
\a cdsLibManager->viewListBox->value = nil
\a cdsLibManager->viewLineEdit->value = ""
\a cdsLibManager->libListBox->value = nil
\a cdsLibManager->libLineEdit->value = ""
\a cdsLibManager->libCatsTreeView->value = nil
\a cdsLibManager->catLineEdit->value = ""
\a cdsLibManager->libListBox->value = "ee240c"
\a cdsLibManager->libLineEdit->value = "ee240c"
\a cdsLibManager->libCatsTreeView->value = "Everything"
\a cdsLibManager->catLineEdit->value = "Everything"
\a cdsLibManager->cellListBox->value = "q1b"
\a cdsLibManager->cellLineEdit->value = "q1b"
\a cdsLibManager->viewListBox->value = "schematic"
\a cdsLibManager->viewLineEdit->value = "schematic"
\a cdsLibManager->cellLineEdit->value = ""
\a cdsLibManager->cellListBox->value = nil
\a cdsLibManager->viewLineEdit->value = ""
\a cdsLibManager->viewListBox->value = nil
\a cdsLibManager->libCatsTreeView->value = nil
\a cdsLibManager->catLineEdit->value = ""
\a cdsLibManager->libCatsTreeView->value = "Everything"
\a cdsLibManager->catLineEdit->value = "Everything"
\a cdsLibManager->cellListBox->value = "q1b"
\a cdsLibManager->cellLineEdit->value = "q1b"
\a cdsLibManager->viewListBox->value = "schematic"
\a cdsLibManager->viewLineEdit->value = "schematic"
\a cdsLibManager->viewLineEdit->value = ""
\a cdsLibManager->viewListBox->value = nil
\a cdsLibManager->viewListBox->value = "schematic"
\a cdsLibManager->viewLineEdit->value = "schematic"
\a cdsLibManager->libCatsTreeView->value = "hw03"
\a cdsLibManager->catLineEdit->value = "hw03"
\a cdsLibManager->cellListBox->value = nil
\a cdsLibManager->cellLineEdit->value = ""
\a cdsLibManager->viewListBox->value = nil
\a cdsLibManager->viewLineEdit->value = ""
\a nrSetCurrentWindow(cdsLibManager)
\a cdsLibManager->FileNewCVButton->value = t
\a nrSetCurrentWindow(cdsLibManager)
\a cdsLibManager->FileNewCVButton->value = t
\a nrSetCurrentWindow(cdsLibManager)
\a cdsLibManager->catLineEdit->value = ""
\a cdsLibManager->libCatsTreeView->value = nil
\a cdsLibManager->libCatsTreeView->value = "hw03"
\a cdsLibManager->catLineEdit->value = "hw03"
\a lmgrLogShowPopup("mainListCatPopup" 109 49 2 "hw03")
\a cdsLibManager->editEditCategory->value = t
\a nrSetWindowVisibility(editCategory "show")
\a cdsLibManager->libListBox->value = nil
\a cdsLibManager->libLineEdit->value = ""
\a cdsLibManager->libCatsTreeView->value = nil
\a cdsLibManager->catLineEdit->value = ""
\a cdsLibManager->libListBox->value = "ee240c"
\a cdsLibManager->libLineEdit->value = "ee240c"
\a cdsLibManager->libCatsTreeView->value = "Everything"
\a cdsLibManager->catLineEdit->value = "Everything"
\a cdsLibManager->cellListBox->value = "q1b"
\a cdsLibManager->cellLineEdit->value = "q1b"
\a cdsLibManager->viewListBox->value = "schematic"
\a cdsLibManager->viewLineEdit->value = "schematic"
\a cdsLibManager->cellLineEdit->value = ""
\a cdsLibManager->cellListBox->value = nil
\a cdsLibManager->viewLineEdit->value = ""
\a cdsLibManager->viewListBox->value = nil
\a cdsLibManager->libCatsTreeView->value = nil
\a cdsLibManager->catLineEdit->value = ""
\a cdsLibManager->libCatsTreeView->value = "Everything"
\a cdsLibManager->catLineEdit->value = "Everything"
\a cdsLibManager->cellListBox->value = "q1b"
\a cdsLibManager->cellLineEdit->value = "q1b"
\a cdsLibManager->viewListBox->value = "schematic"
\a cdsLibManager->viewLineEdit->value = "schematic"
\a cdsLibManager->viewLineEdit->value = ""
\a cdsLibManager->viewListBox->value = nil
\a cdsLibManager->viewLineEdit->value = "schematic"
\a cdsLibManager->viewListBox->value = "schematic"
\a cdsLibManager->viewLineEdit->value = ""
\a cdsLibManager->viewListBox->value = nil
\a cdsLibManager->viewListBox->value = "schematic"
\a cdsLibManager->viewLineEdit->value = "schematic"
\a cdsLibManager->libCatsTreeView->value = "hw03"
\a cdsLibManager->catLineEdit->value = "hw03"
\a cdsLibManager->cellListBox->value = nil
\a cdsLibManager->cellLineEdit->value = ""
\a cdsLibManager->viewListBox->value = nil
\a cdsLibManager->viewLineEdit->value = ""
\a nrSetCurrentWindow(editCategory)
\a nrResizeWindow(editCategory list(219 124 465 511))
\a editCategory->cellsToInCategoryButton->value = t
\a editCategory->OK->value = t
\o Edited category "hw03" in library "ee240c".
\a cdsLibManager->libListBox->value = nil
\a cdsLibManager->libLineEdit->value = ""
\a cdsLibManager->libCatsTreeView->value = nil
\a cdsLibManager->catLineEdit->value = ""
\a cdsLibManager->libListBox->value = "ee240c"
\a cdsLibManager->libLineEdit->value = "ee240c"
\a cdsLibManager->libCatsTreeView->value = "Everything"
\a cdsLibManager->catLineEdit->value = "Everything"
\a cdsLibManager->cellListBox->value = "q1b"
\a cdsLibManager->cellLineEdit->value = "q1b"
\a cdsLibManager->viewListBox->value = "schematic"
\a cdsLibManager->viewLineEdit->value = "schematic"
\a cdsLibManager->cellLineEdit->value = ""
\a cdsLibManager->cellListBox->value = nil
\a cdsLibManager->viewLineEdit->value = ""
\a cdsLibManager->viewListBox->value = nil
\a cdsLibManager->libCatsTreeView->value = nil
\a cdsLibManager->catLineEdit->value = ""
\a cdsLibManager->libCatsTreeView->value = "Everything"
\a cdsLibManager->catLineEdit->value = "Everything"
\a cdsLibManager->cellListBox->value = "q1b"
\a cdsLibManager->cellLineEdit->value = "q1b"
\a cdsLibManager->viewListBox->value = "schematic"
\a cdsLibManager->viewLineEdit->value = "schematic"
\a cdsLibManager->viewLineEdit->value = ""
\a cdsLibManager->viewListBox->value = nil
\a cdsLibManager->viewLineEdit->value = "schematic"
\a cdsLibManager->viewListBox->value = "schematic"
\a cdsLibManager->viewLineEdit->value = ""
\a cdsLibManager->viewListBox->value = nil
\a cdsLibManager->viewListBox->value = "schematic"
\a cdsLibManager->viewLineEdit->value = "schematic"
\a cdsLibManager->libCatsTreeView->value = "hw03"
\a cdsLibManager->catLineEdit->value = "hw03"
\a cdsLibManager->cellListBox->value = nil
\a cdsLibManager->cellLineEdit->value = ""
\a cdsLibManager->viewListBox->value = nil
\a cdsLibManager->viewLineEdit->value = ""
\a cdsLibManager->cellListBox->value = "q1b"
\a cdsLibManager->cellLineEdit->value = "q1b"
\a cdsLibManager->viewListBox->value = "schematic"
\a cdsLibManager->viewLineEdit->value = "schematic"
\a cdsLibManager->cellListBox->value = nil
\a cdsLibManager->cellLineEdit->value = ""
\a cdsLibManager->viewListBox->value = nil
\a cdsLibManager->viewLineEdit->value = ""
\a cdsLibManager->cellListBox->value = "q1b"
\a cdsLibManager->cellLineEdit->value = "q1b"
\a cdsLibManager->viewListBox->value = "schematic"
\a cdsLibManager->viewLineEdit->value = "schematic"
\a nrSetCurrentWindow(cdsLibManager)
\a cdsLibManager->libListBox->value = nil
\a cdsLibManager->libLineEdit->value = ""
\a cdsLibManager->cellListBox->value = nil
\a cdsLibManager->viewLineEdit->value = ""
\a cdsLibManager->viewListBox->value = nil
\a cdsLibManager->cellLineEdit->value = ""
\a cdsLibManager->libCatsTreeView->value = nil
\a cdsLibManager->catLineEdit->value = ""
\a cdsLibManager->libListBox->value = "ee240c"
\a cdsLibManager->libLineEdit->value = "ee240c"
\a cdsLibManager->libCatsTreeView->value = "Everything"
\a cdsLibManager->catLineEdit->value = "Everything"
\a cdsLibManager->cellListBox->value = "q1b"
\a cdsLibManager->cellLineEdit->value = "q1b"
\a cdsLibManager->viewListBox->value = "schematic"
\a cdsLibManager->viewLineEdit->value = "schematic"
\a cdsLibManager->cellLineEdit->value = ""
\a cdsLibManager->cellListBox->value = nil
\a cdsLibManager->viewLineEdit->value = ""
\a cdsLibManager->viewListBox->value = nil
\a cdsLibManager->libCatsTreeView->value = nil
\a cdsLibManager->catLineEdit->value = ""
\a cdsLibManager->libCatsTreeView->value = "Everything"
\a cdsLibManager->catLineEdit->value = "Everything"
\a cdsLibManager->cellListBox->value = "q1b"
\a cdsLibManager->cellLineEdit->value = "q1b"
\a cdsLibManager->viewListBox->value = "schematic"
\a cdsLibManager->viewLineEdit->value = "schematic"
\a cdsLibManager->viewLineEdit->value = ""
\a cdsLibManager->viewListBox->value = nil
\a cdsLibManager->viewListBox->value = "schematic"
\a cdsLibManager->viewLineEdit->value = "schematic"
\a cdsLibManager->libCatsTreeView->value = "hw03"
\a cdsLibManager->catLineEdit->value = "hw03"
\a cdsLibManager->cellListBox->value = nil
\a cdsLibManager->cellLineEdit->value = ""
\a cdsLibManager->viewListBox->value = nil
\a cdsLibManager->viewLineEdit->value = ""
\a cdsLibManager->cellListBox->value = "q1b"
\a cdsLibManager->cellLineEdit->value = "q1b"
\a cdsLibManager->viewListBox->value = "schematic"
\a cdsLibManager->viewLineEdit->value = "schematic"
\a cdsLibManager->cellListBox->value = nil
\a cdsLibManager->cellLineEdit->value = ""
\a cdsLibManager->viewListBox->value = nil
\a cdsLibManager->viewLineEdit->value = ""
\a cdsLibManager->cellListBox->value = "q1b"
\a cdsLibManager->cellLineEdit->value = "q1b"
\a cdsLibManager->viewListBox->value = "schematic"
\a cdsLibManager->viewLineEdit->value = "schematic"
\a cdsLibManager->viewLineEdit->value = ""
\a cdsLibManager->viewListBox->value = nil
\a cdsLibManager->viewListBox->value = "schematic"
\a cdsLibManager->viewLineEdit->value = "schematic"
\a cdsLibManager->libListBox->value = nil
\a cdsLibManager->libLineEdit->value = ""
\a cdsLibManager->cellListBox->value = nil
\a cdsLibManager->viewLineEdit->value = ""
\a cdsLibManager->viewListBox->value = nil
\a cdsLibManager->cellLineEdit->value = ""
\a cdsLibManager->libCatsTreeView->value = nil
\a cdsLibManager->catLineEdit->value = ""
\a cdsLibManager->libListBox->value = "ee240c"
\a cdsLibManager->libLineEdit->value = "ee240c"
\a cdsLibManager->libCatsTreeView->value = "Everything"
\a cdsLibManager->catLineEdit->value = "Everything"
\a cdsLibManager->cellListBox->value = "q1b"
\a cdsLibManager->cellLineEdit->value = "q1b"
\a cdsLibManager->viewListBox->value = "schematic"
\a cdsLibManager->viewLineEdit->value = "schematic"
\a cdsLibManager->cellLineEdit->value = ""
\a cdsLibManager->cellListBox->value = nil
\a cdsLibManager->viewLineEdit->value = ""
\a cdsLibManager->viewListBox->value = nil
\a cdsLibManager->libCatsTreeView->value = nil
\a cdsLibManager->catLineEdit->value = ""
\a cdsLibManager->libCatsTreeView->value = "Everything"
\a cdsLibManager->catLineEdit->value = "Everything"
\a cdsLibManager->cellListBox->value = "q1b"
\a cdsLibManager->cellLineEdit->value = "q1b"
\a cdsLibManager->viewListBox->value = "schematic"
\a cdsLibManager->viewLineEdit->value = "schematic"
\a cdsLibManager->viewLineEdit->value = ""
\a cdsLibManager->viewListBox->value = nil
\a cdsLibManager->viewListBox->value = "schematic"
\a cdsLibManager->viewLineEdit->value = "schematic"
\a cdsLibManager->libCatsTreeView->value = "hw03"
\a cdsLibManager->catLineEdit->value = "hw03"
\a cdsLibManager->cellListBox->value = nil
\a cdsLibManager->cellLineEdit->value = ""
\a cdsLibManager->viewListBox->value = nil
\a cdsLibManager->viewLineEdit->value = ""
\a cdsLibManager->cellListBox->value = "q1b"
\a cdsLibManager->cellLineEdit->value = "q1b"
\a cdsLibManager->viewListBox->value = "schematic"
\a cdsLibManager->viewLineEdit->value = "schematic"
\a cdsLibManager->cellListBox->value = nil
\a cdsLibManager->cellLineEdit->value = ""
\a cdsLibManager->viewListBox->value = nil
\a cdsLibManager->viewLineEdit->value = ""
\a cdsLibManager->cellListBox->value = "q1b"
\a cdsLibManager->cellLineEdit->value = "q1b"
\a cdsLibManager->viewListBox->value = "schematic"
\a cdsLibManager->viewLineEdit->value = "schematic"
\a cdsLibManager->viewLineEdit->value = ""
\a cdsLibManager->viewListBox->value = nil
\a cdsLibManager->viewListBox->value = "schematic"
\a cdsLibManager->viewLineEdit->value = "schematic"
\a cdsLibManager->libListBox->value = nil
\a cdsLibManager->libLineEdit->value = ""
\a cdsLibManager->cellListBox->value = nil
\a cdsLibManager->viewLineEdit->value = ""
\a cdsLibManager->viewListBox->value = nil
\a cdsLibManager->cellLineEdit->value = ""
\a cdsLibManager->libCatsTreeView->value = nil
\a cdsLibManager->catLineEdit->value = ""
\a cdsLibManager->libListBox->value = "ee240c"
\a cdsLibManager->libLineEdit->value = "ee240c"
\a cdsLibManager->libCatsTreeView->value = "Everything"
\a cdsLibManager->catLineEdit->value = "Everything"
\a cdsLibManager->cellListBox->value = "q1b"
\a cdsLibManager->cellLineEdit->value = "q1b"
\a cdsLibManager->viewListBox->value = "schematic"
\a cdsLibManager->viewLineEdit->value = "schematic"
\a cdsLibManager->cellLineEdit->value = ""
\a cdsLibManager->cellListBox->value = nil
\a cdsLibManager->viewLineEdit->value = ""
\a cdsLibManager->viewListBox->value = nil
\a cdsLibManager->libCatsTreeView->value = nil
\a cdsLibManager->catLineEdit->value = ""
\a cdsLibManager->libCatsTreeView->value = "Everything"
\a cdsLibManager->catLineEdit->value = "Everything"
\a cdsLibManager->cellListBox->value = "q1b"
\a cdsLibManager->cellLineEdit->value = "q1b"
\a cdsLibManager->viewListBox->value = "schematic"
\a cdsLibManager->viewLineEdit->value = "schematic"
\a cdsLibManager->viewLineEdit->value = ""
\a cdsLibManager->viewListBox->value = nil
\a cdsLibManager->viewListBox->value = "schematic"
\a cdsLibManager->viewLineEdit->value = "schematic"
\a cdsLibManager->libCatsTreeView->value = "hw03"
\a cdsLibManager->catLineEdit->value = "hw03"
\a cdsLibManager->cellListBox->value = nil
\a cdsLibManager->cellLineEdit->value = ""
\a cdsLibManager->viewListBox->value = nil
\a cdsLibManager->viewLineEdit->value = ""
\a cdsLibManager->cellListBox->value = "q1b"
\a cdsLibManager->cellLineEdit->value = "q1b"
\a cdsLibManager->viewListBox->value = "schematic"
\a cdsLibManager->viewLineEdit->value = "schematic"
\a cdsLibManager->cellListBox->value = nil
\a cdsLibManager->cellLineEdit->value = ""
\a cdsLibManager->viewListBox->value = nil
\a cdsLibManager->viewLineEdit->value = ""
\a cdsLibManager->cellListBox->value = "q1b"
\a cdsLibManager->cellLineEdit->value = "q1b"
\a cdsLibManager->viewListBox->value = "schematic"
\a cdsLibManager->viewLineEdit->value = "schematic"
\a cdsLibManager->viewLineEdit->value = ""
\a cdsLibManager->viewListBox->value = nil
\a cdsLibManager->viewListBox->value = "schematic"
\a cdsLibManager->viewLineEdit->value = "schematic"
\a nrSetCurrentWindow(cdsLibManager)
\a nrSetCurrentWindow(cdsLibManager)
\a cdsLibManager->viewListBox->value = "adexl"
\a cdsLibManager->viewLineEdit->value = "adexl"
\o MPS request: edit design
\a nrListItemAction(cdsLibManager->gdmXTView 0 0)
\a nrSetCurrentWindow(cdsLibManager)
\a nrSetCurrentWindow(cdsLibManager)
\a nrSetCurrentWindow(cdsLibManager)
\a cdsLibManager->viewListBox->value = "schematic"
\a cdsLibManager->viewLineEdit->value = "schematic"
\a cdsLibManager->viewListBox->value = nil
\a cdsLibManager->viewLineEdit->value = ""
\a cdsLibManager->viewListBox->value = "schematic"
\a cdsLibManager->viewLineEdit->value = "schematic"
\o MPS request: edit design
\a nrListItemAction(cdsLibManager->gdmXTView 1 0)
\a nrSetCurrentWindow(cdsLibManager)
\a cdsLibManager->libListBox->value = nil
\a cdsLibManager->libLineEdit->value = ""
\a cdsLibManager->cellListBox->value = nil
\a cdsLibManager->viewLineEdit->value = ""
\a cdsLibManager->viewListBox->value = nil
\a cdsLibManager->cellLineEdit->value = ""
\a cdsLibManager->libCatsTreeView->value = nil
\a cdsLibManager->catLineEdit->value = ""
\a cdsLibManager->libListBox->value = "ee240c"
\a cdsLibManager->libLineEdit->value = "ee240c"
\a cdsLibManager->libCatsTreeView->value = "Everything"
\a cdsLibManager->catLineEdit->value = "Everything"
\a cdsLibManager->cellListBox->value = "q1b"
\a cdsLibManager->cellLineEdit->value = "q1b"
\a cdsLibManager->viewListBox->value = "schematic"
\a cdsLibManager->viewLineEdit->value = "schematic"
\a cdsLibManager->cellLineEdit->value = ""
\a cdsLibManager->cellListBox->value = nil
\a cdsLibManager->viewLineEdit->value = ""
\a cdsLibManager->viewListBox->value = nil
\a cdsLibManager->libCatsTreeView->value = nil
\a cdsLibManager->catLineEdit->value = ""
\a cdsLibManager->libCatsTreeView->value = "Everything"
\a cdsLibManager->catLineEdit->value = "Everything"
\a cdsLibManager->cellListBox->value = "q1b"
\a cdsLibManager->cellLineEdit->value = "q1b"
\a cdsLibManager->viewListBox->value = "schematic"
\a cdsLibManager->viewLineEdit->value = "schematic"
\a cdsLibManager->viewLineEdit->value = ""
\a cdsLibManager->viewListBox->value = nil
\a cdsLibManager->viewListBox->value = "schematic"
\a cdsLibManager->viewLineEdit->value = "schematic"
\a cdsLibManager->libCatsTreeView->value = "hw03"
\a cdsLibManager->catLineEdit->value = "hw03"
\a cdsLibManager->cellListBox->value = nil
\a cdsLibManager->cellLineEdit->value = ""
\a cdsLibManager->viewListBox->value = nil
\a cdsLibManager->viewLineEdit->value = ""
\a cdsLibManager->cellListBox->value = "q1b"
\a cdsLibManager->cellLineEdit->value = "q1b"
\a cdsLibManager->viewListBox->value = "schematic"
\a cdsLibManager->viewLineEdit->value = "schematic"
\a cdsLibManager->cellListBox->value = nil
\a cdsLibManager->cellLineEdit->value = ""
\a cdsLibManager->viewListBox->value = nil
\a cdsLibManager->viewLineEdit->value = ""
\a cdsLibManager->cellListBox->value = "q1b"
\a cdsLibManager->cellLineEdit->value = "q1b"
\a cdsLibManager->viewListBox->value = "schematic"
\a cdsLibManager->viewLineEdit->value = "schematic"
\a cdsLibManager->viewLineEdit->value = ""
\a cdsLibManager->viewListBox->value = nil
\a cdsLibManager->viewListBox->value = "schematic"
\a cdsLibManager->viewLineEdit->value = "schematic"
\a cdsLibManager->libListBox->value = nil
\a cdsLibManager->libLineEdit->value = ""
\a cdsLibManager->cellListBox->value = nil
\a cdsLibManager->viewLineEdit->value = ""
\a cdsLibManager->viewListBox->value = nil
\a cdsLibManager->cellLineEdit->value = ""
\a cdsLibManager->libCatsTreeView->value = nil
\a cdsLibManager->catLineEdit->value = ""
\a cdsLibManager->libListBox->value = "ee240c"
\a cdsLibManager->libLineEdit->value = "ee240c"
\a cdsLibManager->libCatsTreeView->value = "Everything"
\a cdsLibManager->catLineEdit->value = "Everything"
\a cdsLibManager->cellListBox->value = "q1b"
\a cdsLibManager->cellLineEdit->value = "q1b"
\a cdsLibManager->viewListBox->value = "schematic"
\a cdsLibManager->viewLineEdit->value = "schematic"
\a cdsLibManager->cellLineEdit->value = ""
\a cdsLibManager->cellListBox->value = nil
\a cdsLibManager->viewLineEdit->value = ""
\a cdsLibManager->viewListBox->value = nil
\a cdsLibManager->libCatsTreeView->value = nil
\a cdsLibManager->catLineEdit->value = ""
\a cdsLibManager->libCatsTreeView->value = "Everything"
\a cdsLibManager->catLineEdit->value = "Everything"
\a cdsLibManager->cellListBox->value = "q1b"
\a cdsLibManager->cellLineEdit->value = "q1b"
\a cdsLibManager->viewListBox->value = "schematic"
\a cdsLibManager->viewLineEdit->value = "schematic"
\a cdsLibManager->viewLineEdit->value = ""
\a cdsLibManager->viewListBox->value = nil
\a cdsLibManager->viewListBox->value = "schematic"
\a cdsLibManager->viewLineEdit->value = "schematic"
\a cdsLibManager->libCatsTreeView->value = "hw03"
\a cdsLibManager->catLineEdit->value = "hw03"
\a cdsLibManager->cellListBox->value = nil
\a cdsLibManager->cellLineEdit->value = ""
\a cdsLibManager->viewListBox->value = nil
\a cdsLibManager->viewLineEdit->value = ""
\a cdsLibManager->cellListBox->value = "q1b"
\a cdsLibManager->cellLineEdit->value = "q1b"
\a cdsLibManager->viewListBox->value = "schematic"
\a cdsLibManager->viewLineEdit->value = "schematic"
\a cdsLibManager->cellListBox->value = nil
\a cdsLibManager->cellLineEdit->value = ""
\a cdsLibManager->viewListBox->value = nil
\a cdsLibManager->viewLineEdit->value = ""
\a cdsLibManager->cellListBox->value = "q1b"
\a cdsLibManager->cellLineEdit->value = "q1b"
\a cdsLibManager->viewListBox->value = "schematic"
\a cdsLibManager->viewLineEdit->value = "schematic"
\a cdsLibManager->viewLineEdit->value = ""
\a cdsLibManager->viewListBox->value = nil
\a cdsLibManager->viewListBox->value = "schematic"
\a cdsLibManager->viewLineEdit->value = "schematic"
\a nrSetCurrentWindow(cdsLibManager)
\a nrSetCurrentWindow(cdsLibManager)
\a cdsLibManager->viewLineEdit->value = ""
\a cdsLibManager->viewListBox->value = nil
\a lmgrLogShowPopup("mainListPopup1" 94 4 2 "q1b")
\a _lmgrCloseIconify("cdsLibManager" 1)
\o MPS service: map window
\a nrSetCurrentWindow(cdsLibManager)
\a cdsLibManager->libCatsTreeView->value = "Uncategorized"
\a cdsLibManager->catLineEdit->value = "Uncategorized"
\a cdsLibManager->cellListBox->value = nil
\a cdsLibManager->cellLineEdit->value = ""
\a cdsLibManager->libCatsTreeView->value = "hw03"
\a cdsLibManager->catLineEdit->value = "hw03"
\a cdsLibManager->cellListBox->value = "q1b"
\a cdsLibManager->cellLineEdit->value = "q1b"
\a cdsLibManager->viewListBox->value = "schematic"
\a cdsLibManager->viewLineEdit->value = "schematic"
\a cdsLibManager->viewLineEdit->value = ""
\a cdsLibManager->viewListBox->value = nil
\a lmgrLogShowPopup("mainListPopup1" 41 11 2 "q1b")
\a cdsLibManager->editRenameButton->value = t
\a basicRenameForm->basicRenameFromEdit->value = "q1b"
\a nrSetWindowVisibility(basicRenameForm "show")
\a basicRenameForm->basicRenameToEdit->value = "q1b"
\a nrSetCurrentWindow(basicRenameForm)
\a nrResizeWindow(basicRenameForm list(280 233 343 182))
\a basicRenameForm->basicRenameToEdit->value = "q1b_switch"
\a basicRenameForm->OK->value = t
\o Renaming Cell "q1b" to "q1b_switch" in library "ee240c".
\a nrSetWindowVisibility(workingDialogForm "show")
\a nrSetCurrentWindow(workingDialogForm)
\a nrResizeWindow(workingDialogForm list(310 250 283 133))
\a cdsLibManager->cellListBox->value = nil
\a cdsLibManager->cellLineEdit->value = ""
\a nrSetCurrentWindow(cdsLibManager)
\a cdsLibManager->libListBox->value = nil
\a cdsLibManager->libLineEdit->value = ""
\a cdsLibManager->libCatsTreeView->value = nil
\a cdsLibManager->catLineEdit->value = ""
\a cdsLibManager->libListBox->value = "ee240c"
\a cdsLibManager->libLineEdit->value = "ee240c"
\a cdsLibManager->libCatsTreeView->value = "Everything"
\a cdsLibManager->catLineEdit->value = "Everything"
\a cdsLibManager->cellListBox->value = "q1b_switch"
\a cdsLibManager->cellLineEdit->value = "q1b_switch"
\a cdsLibManager->viewListBox->value = "schematic"
\a cdsLibManager->viewLineEdit->value = "schematic"
\a cdsLibManager->cellLineEdit->value = ""
\a cdsLibManager->viewLineEdit->value = ""
\a cdsLibManager->viewListBox->value = nil
\a cdsLibManager->libCatsTreeView->value = nil
\a cdsLibManager->catLineEdit->value = ""
\a cdsLibManager->cellListBox->value = nil
\a cdsLibManager->libCatsTreeView->value = "Everything"
\a cdsLibManager->catLineEdit->value = "Everything"
\a cdsLibManager->cellListBox->value = "q1b_switch"
\a cdsLibManager->cellLineEdit->value = "q1b_switch"
\a cdsLibManager->viewListBox->value = "schematic"
\a cdsLibManager->viewLineEdit->value = "schematic"
\a cdsLibManager->viewLineEdit->value = ""
\a cdsLibManager->viewListBox->value = nil
\a cdsLibManager->viewListBox->value = "schematic"
\a cdsLibManager->viewLineEdit->value = "schematic"
\a cdsLibManager->libCatsTreeView->value = "hw03"
\a cdsLibManager->catLineEdit->value = "hw03"
\a cdsLibManager->cellListBox->value = nil
\a cdsLibManager->cellLineEdit->value = ""
\a cdsLibManager->viewListBox->value = nil
\a cdsLibManager->viewLineEdit->value = ""
\a cdsLibManager->cellListBox->value = "q1b_switch"
\a cdsLibManager->cellLineEdit->value = "q1b_switch"
\a cdsLibManager->viewListBox->value = "schematic"
\a cdsLibManager->viewLineEdit->value = "schematic"
\a cdsLibManager->cellListBox->value = nil
\a cdsLibManager->cellLineEdit->value = ""
\a cdsLibManager->viewListBox->value = nil
\a cdsLibManager->viewLineEdit->value = ""
\a cdsLibManager->cellListBox->value = "q1b_switch"
\a cdsLibManager->cellLineEdit->value = "q1b_switch"
\a cdsLibManager->viewListBox->value = "schematic"
\a cdsLibManager->viewLineEdit->value = "schematic"
\a nrSetCurrentWindow(cdsLibManager)
\a nrSetCurrentWindow(cdsLibManager)
\o libManager is exiting.
