ahdlcmicompile: Compiling ahdlcmi in q1c.ahdlSimDB//bsource_08102a.va.bsource_08102a.ahdlcmi/Linux-64/ for Linux-64 with optimize using gcc on Wed Oct 16 13:53:36 PDT 2019 [5.0]
ahdlcmicompile: Generating makefile
PATH:  /share/instsww/cadence/MMSIM151/tools.lnx86/cdsgcc/gcc/4.1-x86_64/install/bin:/share/instsww/cadence/MMSIM151/bin:/share/instsww/cadence/MMSIM151/tools/bin/64bit:/share/instsww/cadence/MMSIM151/tools/bin:/share/instsww/cadence/IC617/tools/bin:/share/instsww/cadence/IC617/tools/dfII/bin:/share/instsww/cadence/IC617/tools/plot/bin:/share/instsww/cadence/ASSURA41-617/tools/bin:/share/instsww/cadence/ASSURA41-617/tools/dfII/bin:/usr/lib64/ccache:/usr/local/bin:/usr/bin:/bin:/usr/local/sbin:/usr/sbin:/share/instsww/cadence/RC142/tools/bin:/share/instsww/cadence/MMSIM171/tools/bin:/share/instsww/cadence/MMSIM171/tools/dfII/bin:/share/instsww/cadence/ASSURA41-617/tools/bin:/share/instsww/cadence/ASSURA41-617/tools/dfII/bin:/share/instsww/cadence/IC617/tools/bin:/share/instsww/cadence/IC617/tools/dfII/bin
LD_LIBRARY_PATH:  /share/instsww/cadence/MMSIM151/tools.lnx86/cdsgcc/gcc/4.1-x86_64/install/lib:/share/instsww/cadence/MMSIM151/tools/giganta/lib/64bit:/share/instsww/cadence/MMSIM151/tools/mdl/lib/64bit:/share/instsww/cadence/MMSIM151/tools/mmsim/lib/64bit:/share/instsww/cadence/MMSIM151/tools/tcltk-8.4.20/lib/64bit:/share/instsww/cadence/MMSIM151/tools/inca/lib/64bit:/share/instsww/cadence/MMSIM151/tools/spectre/lib/64bit:/share/instsww/cadence/MMSIM151/tools/dfII/lib/64bit:/share/instsww/cadence/MMSIM151/tools/lib/64bit:/share/instsww/cadence/MMSIM151/tools/lib
/share/instsww/cadence/MMSIM151/tools.lnx86/spectre/ahdlcmi/bin/gnumake -j16 -f GNUmakefile
Cleaning ./obj/optimize/5.0
rm -f -rf ./obj/optimize/5.0
Compiling C file bsource_08102a_func.c (optimize)
Compiling C file bsource_08102a_DcFuncLoad.c (optimize)
Compiling C file bsource_08102a_DcFuncDerLoad.c (optimize)
/share/instsww/cadence/MMSIM151/tools.lnx86/spectre/ahdlcmi/bin/64bit/ahdlcc 0 /share/instsww/cadence/MMSIM151/tools.lnx86/cdsgcc/gcc/4.8/bin/gcc  -march=k8 -ffast-math -fno-unsafe-math-optimizations -O3 -m64 -DSYSV -DSVR4 -D_REENTRANT -fPIC   -DconfigSPECTRE -I. -I/share/instsww/cadence/MMSIM151/tools.lnx86/spectre/ahdlcmi/include -c bsource_08102a_func.c -o obj/optimize/5.0/bsource_08102a_func.o || rm -f -f obj/optimize/5.0/bsource_08102a_func.o
Compiling C file bsource_08102a_TranFuncLoad.c (optimize)
Compiling C file bsource_08102a_TranFuncDerLoad.c (optimize)
/share/instsww/cadence/MMSIM151/tools.lnx86/spectre/ahdlcmi/bin/64bit/ahdlcc 0 /share/instsww/cadence/MMSIM151/tools.lnx86/cdsgcc/gcc/4.8/bin/gcc  -march=k8 -ffast-math -fno-unsafe-math-optimizations -O3 -m64 -DSYSV -DSVR4 -D_REENTRANT -fPIC   -DconfigSPECTRE -I. -I/share/instsww/cadence/MMSIM151/tools.lnx86/spectre/ahdlcmi/include -c bsource_08102a_DcFuncDerLoad.c -o obj/optimize/5.0/bsource_08102a_DcFuncDerLoad.o || rm -f -f obj/optimize/5.0/bsource_08102a_DcFuncDerLoad.o
/share/instsww/cadence/MMSIM151/tools.lnx86/spectre/ahdlcmi/bin/64bit/ahdlcc 0 /share/instsww/cadence/MMSIM151/tools.lnx86/cdsgcc/gcc/4.8/bin/gcc  -march=k8 -ffast-math -fno-unsafe-math-optimizations -O3 -m64 -DSYSV -DSVR4 -D_REENTRANT -fPIC   -DconfigSPECTRE -I. -I/share/instsww/cadence/MMSIM151/tools.lnx86/spectre/ahdlcmi/include -c bsource_08102a_DcFuncLoad.c -o obj/optimize/5.0/bsource_08102a_DcFuncLoad.o || rm -f -f obj/optimize/5.0/bsource_08102a_DcFuncLoad.o
/share/instsww/cadence/MMSIM151/tools.lnx86/spectre/ahdlcmi/bin/64bit/ahdlcc 0 /share/instsww/cadence/MMSIM151/tools.lnx86/cdsgcc/gcc/4.8/bin/gcc  -march=k8 -ffast-math -fno-unsafe-math-optimizations -O3 -m64 -DSYSV -DSVR4 -D_REENTRANT -fPIC   -DconfigSPECTRE -I. -I/share/instsww/cadence/MMSIM151/tools.lnx86/spectre/ahdlcmi/include -c bsource_08102a_TranFuncDerLoad.c -o obj/optimize/5.0/bsource_08102a_TranFuncDerLoad.o || rm -f -f obj/optimize/5.0/bsource_08102a_TranFuncDerLoad.o
/share/instsww/cadence/MMSIM151/tools.lnx86/spectre/ahdlcmi/bin/64bit/ahdlcc 0 /share/instsww/cadence/MMSIM151/tools.lnx86/cdsgcc/gcc/4.8/bin/gcc  -march=k8 -ffast-math -fno-unsafe-math-optimizations -O3 -m64 -DSYSV -DSVR4 -D_REENTRANT -fPIC   -DconfigSPECTRE -I. -I/share/instsww/cadence/MMSIM151/tools.lnx86/spectre/ahdlcmi/include -c bsource_08102a_TranFuncLoad.c -o obj/optimize/5.0/bsource_08102a_TranFuncLoad.o || rm -f -f obj/optimize/5.0/bsource_08102a_TranFuncLoad.o
Compiling C file bsource_08102a_OpPointCalc.c (optimize)
/share/instsww/cadence/MMSIM151/tools.lnx86/spectre/ahdlcmi/bin/64bit/ahdlcc 0 /share/instsww/cadence/MMSIM151/tools.lnx86/cdsgcc/gcc/4.8/bin/gcc  -march=k8 -ffast-math -fno-unsafe-math-optimizations -O3 -m64 -DSYSV -DSVR4 -D_REENTRANT -fPIC   -DconfigSPECTRE -I. -I/share/instsww/cadence/MMSIM151/tools.lnx86/spectre/ahdlcmi/include -c bsource_08102a_OpPointCalc.c -o obj/optimize/5.0/bsource_08102a_OpPointCalc.o || rm -f -f obj/optimize/5.0/bsource_08102a_OpPointCalc.o
Compiling C file bsource_08102a_cmi_c.c (optimize)
/share/instsww/cadence/MMSIM151/tools.lnx86/spectre/ahdlcmi/bin/64bit/ahdlcc 0 /share/instsww/cadence/MMSIM151/tools.lnx86/cdsgcc/gcc/4.8/bin/gcc  -march=k8 -ffast-math -fno-unsafe-math-optimizations -O3 -m64 -DSYSV -DSVR4 -D_REENTRANT -fPIC   -DconfigSPECTRE -I. -I/share/instsww/cadence/MMSIM151/tools.lnx86/spectre/ahdlcmi/include -I/share/instsww/cadence/MMSIM151/tools.lnx86/cmi/include -c bsource_08102a_cmi_c.c -o obj/optimize/5.0/bsource_08102a_cmi_c.o || rm -f -f obj/optimize/5.0/bsource_08102a_cmi_c.o
<stdin>: In function 'bsource_08102a_pDC_Load':
<stdin>:797:976: warning: passing argument 1 of 'aslDevFillZeorDiagonalElemet' makes pointer from integer without a cast [enabled by default]
In file included from <stdin>:24:0:
/share/instsww/cadence/MMSIM151/tools.lnx86/spectre/ahdlcmi/include/ahdlDevLibGlobal.h:2419:37: note: expected 'void *' but argument is of type 'long int'
     ASL_FUNC_DECL_START extern void aslDevFillZeorDiagonalElemet( void *, int, unsigned int, struct ahdlFuncModeParam * );
                                     ^
<stdin>: In function 'bsource_08102a_pCompare':
<stdin>:836:1205: warning: assignment makes integer from pointer without a cast [enabled by default]
<stdin>:836:894: warning: passing argument 1 of 'memcpy' makes pointer from integer without a cast [enabled by default]
In file included from /share/instsww/cadence/MMSIM151/tools.lnx86/spectre/ahdlcmi/include/ahdlPiCmi.h:5:0,
                 from /share/instsww/cadence/MMSIM151/tools.lnx86/spectre/ahdlcmi/include/ahdlDevLibGlobal.h:81,
                 from <stdin>:24:
/usr/include/string.h:42:14: note: expected 'void * __restrict__' but argument is of type 'long int'
 extern void *memcpy (void *__restrict __dest, const void *__restrict __src,
              ^
<stdin>:836:894: warning: passing argument 2 of 'memcpy' makes pointer from integer without a cast [enabled by default]
In file included from /share/instsww/cadence/MMSIM151/tools.lnx86/spectre/ahdlcmi/include/ahdlPiCmi.h:5:0,
                 from /share/instsww/cadence/MMSIM151/tools.lnx86/spectre/ahdlcmi/include/ahdlDevLibGlobal.h:81,
                 from <stdin>:24:
/usr/include/string.h:42:14: note: expected 'const void * __restrict__' but argument is of type 'long int'
 extern void *memcpy (void *__restrict __dest, const void *__restrict __src,
              ^
<stdin>:836:1447: warning: assignment makes integer from pointer without a cast [enabled by default]
<stdin>: In function 'bsource_08102a_pGetMatrixPointers':
<stdin>:842:2842: warning: assignment makes integer from pointer without a cast [enabled by default]
<stdin>: In function 'bsource_08102a_pAnalTranLoad':
<stdin>:884:1938: warning: passing argument 1 of 'aslDevFillZeorDiagonalElemet' makes pointer from integer without a cast [enabled by default]
In file included from <stdin>:24:0:
/share/instsww/cadence/MMSIM151/tools.lnx86/spectre/ahdlcmi/include/ahdlDevLibGlobal.h:2419:37: note: expected 'void *' but argument is of type 'long int'
     ASL_FUNC_DECL_START extern void aslDevFillZeorDiagonalElemet( void *, int, unsigned int, struct ahdlFuncModeParam * );
                                     ^
<stdin>: In function 'bsource_08102a_pNoiseBindSrcs':
<stdin>:910:506: warning: passing argument 3 of 'aslDevNoiseBindStartModel' discards 'const' qualifier from pointer target type [enabled by default]
In file included from <stdin>:24:0:
/share/instsww/cadence/MMSIM151/tools.lnx86/spectre/ahdlcmi/include/ahdlDevLibGlobal.h:1082:37: note: expected 'char *' but argument is of type 'devModelID'
     ASL_FUNC_DECL_START extern void aslDevNoiseBindStartModel( struct noiseData *, devInstKnot *, char *, char * );
                                     ^
<stdin>: In function 'bsource_08102a_pNoiseNameSrcs':
<stdin>:913:506: warning: passing argument 3 of 'aslDevNoiseNameModel' discards 'const' qualifier from pointer target type [enabled by default]
In file included from <stdin>:24:0:
/share/instsww/cadence/MMSIM151/tools.lnx86/spectre/ahdlcmi/include/ahdlDevLibGlobal.h:1090:44: note: expected 'char *' but argument is of type 'devModelID'
     ASL_FUNC_DECL_START extern msgSeverity aslDevNoiseNameModel( struct noiseData *, devInstKnot *, char *, char * );
                                            ^
<stdin>: In function 'bsource_08102a_pSaveRestart':
<stdin>:919:545: warning: passing argument 2 of 'aslDevAvarSR' from incompatible pointer type [enabled by default]
In file included from <stdin>:24:0:
/share/instsww/cadence/MMSIM151/tools.lnx86/spectre/ahdlcmi/include/ahdlDevLibGlobal.h:1203:43: note: expected 'struct ahdlAnalogVar *' but argument is of type 'char *'
     ASL_FUNC_DECL_START extern PklError_e aslDevAvarSR( int, struct ahdlAnalogVar *, char *, char *, char *, PklJar_t * );
                                           ^
<stdin>: In function 'bsource_08102a_pSaveRestartInst':
<stdin>:922:547: warning: passing argument 2 of 'aslDevAvarSR' from incompatible pointer type [enabled by default]
In file included from <stdin>:24:0:
/share/instsww/cadence/MMSIM151/tools.lnx86/spectre/ahdlcmi/include/ahdlDevLibGlobal.h:1203:43: note: expected 'struct ahdlAnalogVar *' but argument is of type 'char *'
     ASL_FUNC_DECL_START extern PklError_e aslDevAvarSR( int, struct ahdlAnalogVar *, char *, char *, char *, PklJar_t * );
                                           ^
rm -f -rf bsource_08102a_DcFuncLoad.c
rm -f -rf bsource_08102a_TranFuncLoad.c
rm -f -rf bsource_08102a_OpPointCalc.c
rm -f -rf bsource_08102a_TranFuncDerLoad.c
rm -f -rf bsource_08102a_DcFuncDerLoad.c
rm -f -rf bsource_08102a_func.c
rm -f -rf bsource_08102a_cmi_c.c
/share/instsww/cadence/MMSIM151/tools.lnx86/cdsgcc/gcc/4.8/bin/gcc -shared -O3 -m64 -fPIC -o obj/optimize/5.0/libahdlcmi_bsource_08102a.so ./obj/optimize/5.0/bsource_08102a_func.o ./obj/optimize/5.0/bsource_08102a_DcFuncDerLoad.o ./obj/optimize/5.0/bsource_08102a_DcFuncLoad.o ./obj/optimize/5.0/bsource_08102a_TranFuncDerLoad.o ./obj/optimize/5.0/bsource_08102a_TranFuncLoad.o ./obj/optimize/5.0/bsource_08102a_OpPointCalc.o ./obj/optimize/5.0/bsource_08102a_cmi_c.o  -Wl,-rpath,/usr/lib -Wl,-rpath,/lib -s 
